## SLURM PROLOG ###############################################################
##    Job ID : 8535664
##  Job Name : best_parse_batch_experiments
##  Nodelist : gpu2004
##      CPUs : 
##  Mem/Node : 65536 MB
## Directory : /oscar/home/kguo32/pobax/scripts/launching
##   Job Started : Sat Feb 22 11:57:38 AM EST 2025
###############################################################################
(0.5, 0.5, 0.0024999999441206455, 0.5, 0.0, 1.0)
(0.5, 0.699999988079071, 0.0024999999441206455, 0.5, 0.0, 1.0)
(0.5, 0.10000000149011612, 0.0024999999441206455, 0.5, 0.0, 1.0)
(0.5, 0.8999999761581421, 0.0024999999441206455, 0.5, 0.0, 1.0)
(0.5, 0.949999988079071, 0.0024999999441206455, 0.5, 0.0, 1.0)
(0.5, 0.10000000149011612, 0.0002500000118743628, 0.5, 0.0, 1.0)
(0.5, 0.5, 0.0002500000118743628, 0.5, 0.0, 1.0)
(0.5, 0.699999988079071, 0.0002500000118743628, 0.5, 0.0, 1.0)
(0.5, 0.8999999761581421, 0.0002500000118743628, 0.5, 0.0, 1.0)
(0.5, 0.949999988079071, 0.0002500000118743628, 0.5, 0.0, 1.0)
(0.5, 0.10000000149011612, 2.499999936844688e-05, 0.5, 0.0, 1.0)
(0.5, 0.5, 2.499999936844688e-05, 0.5, 0.0, 1.0)
(0.5, 0.8999999761581421, 2.499999936844688e-05, 0.5, 0.0, 1.0)
(0.5, 0.699999988079071, 2.499999936844688e-05, 0.5, 0.0, 1.0)
(0.5, 0.10000000149011612, 2.499999936844688e-06, 0.5, 0.0, 1.0)
(0.5, 0.949999988079071, 2.499999936844688e-05, 0.5, 0.0, 1.0)
(0.5, 0.5, 2.499999936844688e-06, 0.5, 0.0, 1.0)
(0.5, 0.8999999761581421, 2.499999936844688e-06, 0.5, 0.0, 1.0)
(0.5, 0.949999988079071, 2.499999936844688e-06, 0.5, 0.0, 1.0)
(0.5, 0.699999988079071, 2.499999936844688e-06, 0.5, 0.0, 1.0)
Env seeds swapped shape: (1, 1, 1, 1, 1, 1, 305, 128, 5, 256)
Env seeds swapped shape: (1, 1, 1, 1, 1, 1, 305, 128, 5, 256)
Env seeds swapped shape: (1, 1, 1, 1, 1, 1, 305, 128, 5, 256)
Env seeds swapped shape: (1, 1, 1, 1, 1, 1, 305, 128, 5, 256)
Env seeds swapped shape: (1, 1, 1, 1, 1, 1, 305, 128, 5, 256)
Env seeds swapped shape: (1, 1, 1, 1, 1, 1, 305, 128, 5, 256)
Env seeds swapped shape: (1, 1, 1, 1, 1, 1, 305, 128, 5, 256)
Env seeds swapped shape: (1, 1, 1, 1, 1, 1, 305, 128, 5, 256)
Env seeds swapped shape: (1, 1, 1, 1, 1, 1, 305, 128, 5, 256)
Env seeds swapped shape: (1, 1, 1, 1, 1, 1, 305, 128, 5, 256)
Env seeds swapped shape: (1, 1, 1, 1, 1, 1, 305, 128, 5, 256)
Env seeds swapped shape: (1, 1, 1, 1, 1, 1, 305, 128, 5, 256)
Env seeds swapped shape: (1, 1, 1, 1, 1, 1, 305, 128, 5, 256)
Env seeds swapped shape: (1, 1, 1, 1, 1, 1, 305, 128, 5, 256)
Env seeds swapped shape: (1, 1, 1, 1, 1, 1, 305, 128, 5, 256)
Env seeds swapped shape: (1, 1, 1, 1, 1, 1, 305, 128, 5, 256)
Env seeds swapped shape: (1, 1, 1, 1, 1, 1, 305, 128, 5, 256)
Env seeds swapped shape: (1, 1, 1, 1, 1, 1, 305, 128, 5, 256)
Env seeds swapped shape: (1, 1, 1, 1, 1, 1, 305, 128, 5, 256)
Env seeds swapped shape: (1, 1, 1, 1, 1, 1, 305, 128, 5, 256)
[[[[[[0.3158464]]]]]]
Best hyperparams: {'action_concat': False, 'alpha': array([1.], dtype=float32), 'anneal_lr': False, 'clip_eps': 0.2, 'debug': False, 'default_max_steps_in_episode': 1000, 'double_critic': False, 'entropy_coeff': 0.01, 'env': 'Navix-DMLab-Maze-01-v0', 'gamma': 0.99, 'hidden_size': 512, 'image_size': 32, 'lambda0': array([0.95], dtype=float32), 'lambda1': array([0.5], dtype=float32), 'ld_weight': array([0.], dtype=float32), 'lr': array([0.00025], dtype=float32), 'max_grad_norm': 0.5, 'memoryless': True, 'minibatch_size': 8192, 'n_seeds': 5, 'num_envs': 256, 'num_epochs': 50, 'num_eval_envs': 10, 'num_minibatches': 4, 'num_steps': 128, 'perfect_memory': False, 'platform': 'gpu', 'save_checkpoints': False, 'save_runner_state': False, 'seed': 2024, 'show_discounted': False, 'steps_log_freq': 1, 'study_name': 'navix_01_ppo_memoryless', 'total_steps': 10000000, 'update_epochs': 4, 'update_log_freq': 1, 'vf_coeff': array([0.5], dtype=float32)}
(305, 128, 5)
Saving parsed results to ../results/navix_01_ppo_memoryless/best_hyperparam_per_env_res.pkl
