## SLURM PROLOG ###############################################################
##    Job ID : 8602330
##  Job Name : best_parse_batch_experiments
##  Nodelist : gpu2005
##      CPUs : 
##  Mem/Node : 65536 MB
## Directory : /oscar/home/kguo32/pobax/scripts/launching
##   Job Started : Sun Feb 23 11:02:50 PM EST 2025
###############################################################################
(0.5, 0.10000000149011612, 0.0024999999441206455, 0.949999988079071, 0.0, 1.0)
(0.5, 0.30000001192092896, 0.0024999999441206455, 0.949999988079071, 0.0, 1.0)
(0.5, 0.5, 0.0024999999441206455, 0.949999988079071, 0.0, 1.0)
(0.5, 0.699999988079071, 0.0024999999441206455, 0.949999988079071, 0.0, 1.0)
(0.5, 0.949999988079071, 0.0024999999441206455, 0.949999988079071, 0.0, 1.0)
(0.5, 0.8999999761581421, 0.0024999999441206455, 0.949999988079071, 0.0, 1.0)
(0.5, 0.10000000149011612, 0.0002500000118743628, 0.949999988079071, 0.0, 1.0)
(0.5, 0.30000001192092896, 0.0002500000118743628, 0.949999988079071, 0.0, 1.0)
(0.5, 0.5, 0.0002500000118743628, 0.949999988079071, 0.0, 1.0)
(0.5, 0.699999988079071, 0.0002500000118743628, 0.949999988079071, 0.0, 1.0)
(0.5, 0.8999999761581421, 0.0002500000118743628, 0.949999988079071, 0.0, 1.0)
(0.5, 0.949999988079071, 0.0002500000118743628, 0.949999988079071, 0.0, 1.0)
(0.5, 0.10000000149011612, 2.499999936844688e-05, 0.949999988079071, 0.0, 1.0)
(0.5, 0.30000001192092896, 2.499999936844688e-05, 0.949999988079071, 0.0, 1.0)
(0.5, 0.699999988079071, 2.499999936844688e-05, 0.949999988079071, 0.0, 1.0)
(0.5, 0.5, 2.499999936844688e-05, 0.949999988079071, 0.0, 1.0)
(0.5, 0.8999999761581421, 2.499999936844688e-05, 0.949999988079071, 0.0, 1.0)
(0.5, 0.949999988079071, 2.499999936844688e-05, 0.949999988079071, 0.0, 1.0)
(0.5, 0.10000000149011612, 2.499999936844688e-06, 0.949999988079071, 0.0, 1.0)
(0.5, 0.30000001192092896, 2.499999936844688e-06, 0.949999988079071, 0.0, 1.0)
(0.5, 0.5, 2.499999936844688e-06, 0.949999988079071, 0.0, 1.0)
(0.5, 0.699999988079071, 2.499999936844688e-06, 0.949999988079071, 0.0, 1.0)
(0.5, 0.8999999761581421, 2.499999936844688e-06, 0.949999988079071, 0.0, 1.0)
(0.5, 0.949999988079071, 2.499999936844688e-06, 0.949999988079071, 0.0, 1.0)
Env seeds swapped shape: (1, 1, 1, 1, 1, 1, 977, 32, 5, 8)
Env seeds swapped shape: (1, 1, 1, 1, 1, 1, 977, 32, 5, 8)
Env seeds swapped shape: (1, 1, 1, 1, 1, 1, 977, 32, 5, 8)
Env seeds swapped shape: (1, 1, 1, 1, 1, 1, 977, 32, 5, 8)
Env seeds swapped shape: (1, 1, 1, 1, 1, 1, 977, 32, 5, 8)
Env seeds swapped shape: (1, 1, 1, 1, 1, 1, 977, 32, 5, 8)
Env seeds swapped shape: (1, 1, 1, 1, 1, 1, 977, 32, 5, 8)
Env seeds swapped shape: (1, 1, 1, 1, 1, 1, 977, 32, 5, 8)
Env seeds swapped shape: (1, 1, 1, 1, 1, 1, 977, 32, 5, 8)
Env seeds swapped shape: (1, 1, 1, 1, 1, 1, 977, 32, 5, 8)
Env seeds swapped shape: (1, 1, 1, 1, 1, 1, 977, 32, 5, 8)
Env seeds swapped shape: (1, 1, 1, 1, 1, 1, 977, 32, 5, 8)
Env seeds swapped shape: (1, 1, 1, 1, 1, 1, 977, 32, 5, 8)
Env seeds swapped shape: (1, 1, 1, 1, 1, 1, 977, 32, 5, 8)
Env seeds swapped shape: (1, 1, 1, 1, 1, 1, 977, 32, 5, 8)
Env seeds swapped shape: (1, 1, 1, 1, 1, 1, 977, 32, 5, 8)
Env seeds swapped shape: (1, 1, 1, 1, 1, 1, 977, 32, 5, 8)
Env seeds swapped shape: (1, 1, 1, 1, 1, 1, 977, 32, 5, 8)
Env seeds swapped shape: (1, 1, 1, 1, 1, 1, 977, 32, 5, 8)
Env seeds swapped shape: (1, 1, 1, 1, 1, 1, 977, 32, 5, 8)
Env seeds swapped shape: (1, 1, 1, 1, 1, 1, 977, 32, 5, 8)
Env seeds swapped shape: (1, 1, 1, 1, 1, 1, 977, 32, 5, 8)
Env seeds swapped shape: (1, 1, 1, 1, 1, 1, 977, 32, 5, 8)
Env seeds swapped shape: (1, 1, 1, 1, 1, 1, 977, 32, 5, 8)
[[[[[[11.260617]]]]]]
Best hyperparams: {'action_concat': True, 'alpha': Array([1.], dtype=float32), 'anneal_lr': True, 'clip_eps': 0.2, 'debug': True, 'default_max_steps_in_episode': 1000, 'double_critic': False, 'embed_size': 96, 'entropy_coeff': 0.2, 'env': 'rocksample_11_11', 'gamma': 0.99, 'gating': True, 'gating_bias': 2.0, 'hidden_size': 256, 'image_size': 32, 'lambda0': Array([0.1], dtype=float32), 'lambda1': Array([0.95], dtype=float32), 'ld_weight': Array([0.], dtype=float32), 'lr': Array([0.00025], dtype=float32), 'max_grad_norm': 0.5, 'minibatch_size': 256, 'n_seeds': 5, 'num_envs': 8, 'num_epochs': 50, 'num_eval_envs': 10, 'num_heads': 8, 'num_layers': 2, 'num_minibatches': 4, 'num_steps': 128, 'platform': 'gpu', 'qkv_features': 256, 'save_checkpoints': False, 'save_runner_state': False, 'seed': 2024, 'show_discounted': False, 'steps_log_freq': 4, 'study_name': 'rocksample_11_11_transformer', 'total_steps': 5000000, 'update_epochs': 4, 'update_log_freq': 5, 'vf_coeff': Array([0.5], dtype=float32), 'window_grad': 64, 'window_mem': 128}
(977, 32, 5)
Saving parsed results to ../results/rocksample_11_11_transformer/best_hyperparam_per_env_res.pkl
