## SLURM PROLOG ###############################################################
##    Job ID : 8514392
##  Job Name : kevin
##  Nodelist : gpu2008
##      CPUs : 
##  Mem/Node : 32768 MB
## Directory : /oscar/home/kguo32/pobax/scripts/launching
##   Job Started : Fri Feb 21 08:12:28 PM EST 2025
###############################################################################
Submitted batch job 8514412
Submitted batch job 8514413
Submitted batch job 8514414
Submitted batch job 8514415
Submitted batch job 8514416
Submitted batch job 8514417
Submitted batch job 8514418
Submitted batch job 8514419
Submitted batch job 8514420
Submitted batch job 8514421
Submitted batch job 8514422
Submitted batch job 8514423
Submitted batch job 8514424
Submitted batch job 8514425
Submitted batch job 8514426
Submitted batch job 8514427
Submitted batch job 8514428
Submitted batch job 8514429
Submitted batch job 8514430
Submitted batch job 8514431
Submitted batch job 8514432
Submitted batch job 8514433
Submitted batch job 8514434
Submitted batch job 8514435
