## SLURM PROLOG ###############################################################
##    Job ID : 8517561
##  Job Name : kevin
##  Nodelist : gpu2009
##      CPUs : 
##  Mem/Node : 32768 MB
## Directory : /oscar/home/kguo32/pobax/scripts/launching
##   Job Started : Fri Feb 21 09:14:36 PM EST 2025
###############################################################################
Submitted batch job 8517562
Submitted batch job 8517563
Submitted batch job 8517564
Submitted batch job 8517565
Submitted batch job 8517566
Submitted batch job 8517567
Submitted batch job 8517568
Submitted batch job 8517569
Submitted batch job 8517570
Submitted batch job 8517571
Submitted batch job 8517572
Submitted batch job 8517573
Submitted batch job 8517574
Submitted batch job 8517575
Submitted batch job 8517576
Submitted batch job 8517577
Submitted batch job 8517578
Submitted batch job 8517579
Submitted batch job 8517580
Submitted batch job 8517581
Submitted batch job 8517582
Submitted batch job 8517583
Submitted batch job 8517584
Submitted batch job 8517585
