## SLURM PROLOG ###############################################################
##    Job ID : 8514706
##  Job Name : kevin
##  Nodelist : gpu2009
##      CPUs : 
##  Mem/Node : 32768 MB
## Directory : /oscar/home/kguo32/pobax/scripts/launching
##   Job Started : Fri Feb 21 08:14:09 PM EST 2025
###############################################################################
Submitted batch job 8514707
Submitted batch job 8514708
Submitted batch job 8514709
Submitted batch job 8514710
Submitted batch job 8514711
Submitted batch job 8514712
Submitted batch job 8514713
Submitted batch job 8514714
Submitted batch job 8514715
Submitted batch job 8514716
Submitted batch job 8514717
Submitted batch job 8514718
Submitted batch job 8514719
Submitted batch job 8514720
Submitted batch job 8514721
Submitted batch job 8514722
Submitted batch job 8514723
Submitted batch job 8514724
Submitted batch job 8514725
Submitted batch job 8514726
Submitted batch job 8514727
Submitted batch job 8514728
Submitted batch job 8514729
Submitted batch job 8514730
Submitted batch job 8514731
Submitted batch job 8514732
Submitted batch job 8514733
Submitted batch job 8514734
Submitted batch job 8514735
Submitted batch job 8514736
Submitted batch job 8514737
Submitted batch job 8514738
Submitted batch job 8514739
Submitted batch job 8514740
Submitted batch job 8514741
Submitted batch job 8514742
Submitted batch job 8514743
Submitted batch job 8514744
Submitted batch job 8514745
Submitted batch job 8514746
Submitted batch job 8514747
Submitted batch job 8514748
Submitted batch job 8514749
Submitted batch job 8514750
Submitted batch job 8514751
Submitted batch job 8514752
Submitted batch job 8514753
Submitted batch job 8514754
Submitted batch job 8514755
Submitted batch job 8514756
Submitted batch job 8514757
Submitted batch job 8514758
Submitted batch job 8514759
Submitted batch job 8514760
Submitted batch job 8514761
Submitted batch job 8514762
Submitted batch job 8514763
Submitted batch job 8514764
Submitted batch job 8514765
Submitted batch job 8514766
Submitted batch job 8514767
Submitted batch job 8514768
Submitted batch job 8514769
Submitted batch job 8514770
Submitted batch job 8514771
Submitted batch job 8514772
Submitted batch job 8514773
Submitted batch job 8514774
Submitted batch job 8514775
Submitted batch job 8514776
Submitted batch job 8514777
Submitted batch job 8514778
Submitted batch job 8514779
Submitted batch job 8514780
Submitted batch job 8514781
Submitted batch job 8514782
Submitted batch job 8514783
Submitted batch job 8514784
Submitted batch job 8514785
Submitted batch job 8514786
Submitted batch job 8514787
Submitted batch job 8514788
Submitted batch job 8514789
Submitted batch job 8514790
Submitted batch job 8514791
Submitted batch job 8514792
Submitted batch job 8514793
Submitted batch job 8514794
Submitted batch job 8514795
Submitted batch job 8514796
Submitted batch job 8514797
Submitted batch job 8514798
Submitted batch job 8514799
Submitted batch job 8514800
Submitted batch job 8514801
Submitted batch job 8514802
Submitted batch job 8514803
Submitted batch job 8514804
Submitted batch job 8514805
Submitted batch job 8514806
