## SLURM PROLOG ###############################################################
##    Job ID : 8514331
##  Job Name : kevin
##  Nodelist : gpu2008
##      CPUs : 
##  Mem/Node : 32768 MB
## Directory : /oscar/home/kguo32/pobax/scripts/launching
##   Job Started : Fri Feb 21 08:12:02 PM EST 2025
###############################################################################
Submitted batch job 8514351
Submitted batch job 8514352
Submitted batch job 8514353
Submitted batch job 8514354
Submitted batch job 8514355
Submitted batch job 8514356
Submitted batch job 8514357
Submitted batch job 8514358
Submitted batch job 8514359
Submitted batch job 8514360
Submitted batch job 8514361
Submitted batch job 8514362
Submitted batch job 8514363
Submitted batch job 8514364
Submitted batch job 8514365
Submitted batch job 8514366
Submitted batch job 8514367
Submitted batch job 8514368
Submitted batch job 8514369
Submitted batch job 8514370
