## SLURM PROLOG ###############################################################
##    Job ID : 8514310
##  Job Name : kevin
##  Nodelist : gpu2008
##      CPUs : 
##  Mem/Node : 32768 MB
## Directory : /oscar/home/kguo32/pobax/scripts/launching
##   Job Started : Fri Feb 21 08:11:51 PM EST 2025
###############################################################################
Submitted batch job 8514311
Submitted batch job 8514312
Submitted batch job 8514313
Submitted batch job 8514314
Submitted batch job 8514315
Submitted batch job 8514316
Submitted batch job 8514317
Submitted batch job 8514318
Submitted batch job 8514319
Submitted batch job 8514320
Submitted batch job 8514321
Submitted batch job 8514322
Submitted batch job 8514323
Submitted batch job 8514324
Submitted batch job 8514325
Submitted batch job 8514326
Submitted batch job 8514327
Submitted batch job 8514328
Submitted batch job 8514329
Submitted batch job 8514330
