## SLURM PROLOG ###############################################################
##    Job ID : 8601769
##  Job Name : kevin
##  Nodelist : gpu1401
##      CPUs : 
##  Mem/Node : 32768 MB
## Directory : /oscar/home/kguo32/pobax/scripts/launching
##   Job Started : Sun Feb 23 10:58:49 PM EST 2025
###############################################################################
Submitted batch job 8601779
Submitted batch job 8601780
Submitted batch job 8601781
Submitted batch job 8601782
Submitted batch job 8601783
Submitted batch job 8601784
Submitted batch job 8601785
Submitted batch job 8601786
Submitted batch job 8601787
Submitted batch job 8601788
Submitted batch job 8601789
Submitted batch job 8601790
Submitted batch job 8601791
Submitted batch job 8601792
Submitted batch job 8601793
Submitted batch job 8601794
Submitted batch job 8601795
Submitted batch job 8601796
Submitted batch job 8601797
Submitted batch job 8601798
Submitted batch job 8601799
Submitted batch job 8601800
Submitted batch job 8601801
Submitted batch job 8601802
Submitted batch job 8601803
Submitted batch job 8601804
Submitted batch job 8601805
Submitted batch job 8601806
Submitted batch job 8601807
Submitted batch job 8601808
Submitted batch job 8601809
Submitted batch job 8601810
Submitted batch job 8601811
Submitted batch job 8601812
Submitted batch job 8601813
Submitted batch job 8601814
Submitted batch job 8601815
Submitted batch job 8601816
Submitted batch job 8601817
Submitted batch job 8601818
Submitted batch job 8601819
Submitted batch job 8601820
Submitted batch job 8601821
Submitted batch job 8601822
Submitted batch job 8601823
Submitted batch job 8601824
Submitted batch job 8601825
Submitted batch job 8601826
Submitted batch job 8601827
Submitted batch job 8601828
Submitted batch job 8601829
Submitted batch job 8601830
Submitted batch job 8601831
Submitted batch job 8601832
Submitted batch job 8601833
Submitted batch job 8601834
Submitted batch job 8601835
Submitted batch job 8601836
Submitted batch job 8601837
Submitted batch job 8601838
Submitted batch job 8601839
Submitted batch job 8601840
Submitted batch job 8601841
Submitted batch job 8601842
Submitted batch job 8601843
Submitted batch job 8601844
Submitted batch job 8601845
Submitted batch job 8601846
Submitted batch job 8601847
Submitted batch job 8601848
Submitted batch job 8601849
Submitted batch job 8601850
Submitted batch job 8601851
Submitted batch job 8601852
Submitted batch job 8601853
Submitted batch job 8601854
Submitted batch job 8601855
Submitted batch job 8601856
Submitted batch job 8601857
Submitted batch job 8601858
Submitted batch job 8601859
Submitted batch job 8601860
Submitted batch job 8601861
Submitted batch job 8601862
Submitted batch job 8601863
Submitted batch job 8601864
Submitted batch job 8601865
Submitted batch job 8601866
Submitted batch job 8601867
Submitted batch job 8601868
Submitted batch job 8601869
Submitted batch job 8601870
Submitted batch job 8601871
Submitted batch job 8601872
Submitted batch job 8601873
Submitted batch job 8601874
Submitted batch job 8601875
Submitted batch job 8601876
Submitted batch job 8601877
Submitted batch job 8601878
