## SLURM PROLOG ###############################################################
##    Job ID : 8517056
##  Job Name : kevin
##  Nodelist : gpu2009
##      CPUs : 
##  Mem/Node : 32768 MB
## Directory : /oscar/home/kguo32/pobax/scripts/launching
##   Job Started : Fri Feb 21 09:06:42 PM EST 2025
###############################################################################
Submitted batch job 8517057
Submitted batch job 8517058
Submitted batch job 8517059
Submitted batch job 8517060
Submitted batch job 8517061
Submitted batch job 8517062
Submitted batch job 8517063
Submitted batch job 8517064
Submitted batch job 8517065
Submitted batch job 8517066
Submitted batch job 8517067
Submitted batch job 8517068
Submitted batch job 8517069
Submitted batch job 8517070
Submitted batch job 8517071
Submitted batch job 8517072
Submitted batch job 8517073
Submitted batch job 8517074
Submitted batch job 8517075
Submitted batch job 8517076
Submitted batch job 8517077
Submitted batch job 8517078
Submitted batch job 8517079
Submitted batch job 8517080
