## SLURM PROLOG ###############################################################
##    Job ID : 8514371
##  Job Name : kevin
##  Nodelist : gpu2008
##      CPUs : 
##  Mem/Node : 32768 MB
## Directory : /oscar/home/kguo32/pobax/scripts/launching
##   Job Started : Fri Feb 21 08:12:16 PM EST 2025
###############################################################################
Submitted batch job 8514372
Submitted batch job 8514373
Submitted batch job 8514374
Submitted batch job 8514375
Submitted batch job 8514376
Submitted batch job 8514377
Submitted batch job 8514378
Submitted batch job 8514379
Submitted batch job 8514380
Submitted batch job 8514381
Submitted batch job 8514382
Submitted batch job 8514383
Submitted batch job 8514384
Submitted batch job 8514385
Submitted batch job 8514386
Submitted batch job 8514387
Submitted batch job 8514388
Submitted batch job 8514389
Submitted batch job 8514390
Submitted batch job 8514391
