## SLURM PROLOG ###############################################################
##    Job ID : 8601536
##  Job Name : kevin
##  Nodelist : gpu1401
##      CPUs : 
##  Mem/Node : 32768 MB
## Directory : /oscar/home/kguo32/pobax/scripts/launching
##   Job Started : Sun Feb 23 10:58:13 PM EST 2025
###############################################################################
Submitted batch job 8601537
Submitted batch job 8601538
Submitted batch job 8601539
Submitted batch job 8601540
Submitted batch job 8601541
Submitted batch job 8601542
Submitted batch job 8601543
Submitted batch job 8601544
Submitted batch job 8601545
Submitted batch job 8601546
Submitted batch job 8601547
Submitted batch job 8601548
Submitted batch job 8601549
Submitted batch job 8601550
Submitted batch job 8601551
Submitted batch job 8601552
Submitted batch job 8601553
Submitted batch job 8601554
Submitted batch job 8601555
Submitted batch job 8601556
Submitted batch job 8601557
Submitted batch job 8601558
Submitted batch job 8601559
Submitted batch job 8601560
Submitted batch job 8601561
Submitted batch job 8601562
Submitted batch job 8601563
Submitted batch job 8601564
Submitted batch job 8601565
Submitted batch job 8601566
Submitted batch job 8601567
Submitted batch job 8601568
Submitted batch job 8601569
Submitted batch job 8601570
Submitted batch job 8601571
Submitted batch job 8601572
Submitted batch job 8601573
Submitted batch job 8601574
Submitted batch job 8601575
Submitted batch job 8601576
Submitted batch job 8601577
Submitted batch job 8601578
Submitted batch job 8601579
Submitted batch job 8601580
Submitted batch job 8601581
Submitted batch job 8601582
Submitted batch job 8601583
Submitted batch job 8601584
Submitted batch job 8601585
Submitted batch job 8601586
Submitted batch job 8601587
Submitted batch job 8601588
Submitted batch job 8601589
Submitted batch job 8601590
Submitted batch job 8601591
Submitted batch job 8601592
Submitted batch job 8601593
Submitted batch job 8601594
Submitted batch job 8601595
Submitted batch job 8601596
Submitted batch job 8601597
Submitted batch job 8601598
Submitted batch job 8601599
Submitted batch job 8601600
Submitted batch job 8601601
Submitted batch job 8601602
Submitted batch job 8601603
Submitted batch job 8601604
Submitted batch job 8601605
Submitted batch job 8601606
Submitted batch job 8601607
Submitted batch job 8601608
Submitted batch job 8601609
Submitted batch job 8601610
Submitted batch job 8601611
Submitted batch job 8601612
Submitted batch job 8601613
Submitted batch job 8601614
Submitted batch job 8601615
Submitted batch job 8601616
Submitted batch job 8601617
Submitted batch job 8601618
Submitted batch job 8601619
Submitted batch job 8601620
Submitted batch job 8601621
Submitted batch job 8601622
Submitted batch job 8601623
Submitted batch job 8601624
Submitted batch job 8601625
Submitted batch job 8601626
Submitted batch job 8601627
Submitted batch job 8601628
Submitted batch job 8601629
Submitted batch job 8601630
Submitted batch job 8601631
Submitted batch job 8601632
Submitted batch job 8601633
Submitted batch job 8601634
Submitted batch job 8601635
Submitted batch job 8601636
Submitted batch job 8601637
Submitted batch job 8601638
Submitted batch job 8601639
Submitted batch job 8601640
Submitted batch job 8601641
Submitted batch job 8601642
Submitted batch job 8601643
Submitted batch job 8601644
Submitted batch job 8601645
Submitted batch job 8601646
Submitted batch job 8601647
Submitted batch job 8601648
Submitted batch job 8601649
Submitted batch job 8601650
Submitted batch job 8601651
Submitted batch job 8601652
Submitted batch job 8601653
Submitted batch job 8601654
Submitted batch job 8601655
Submitted batch job 8601656
