## SLURM PROLOG ###############################################################
##    Job ID : 8601879
##  Job Name : kevin
##  Nodelist : gpu1401
##      CPUs : 
##  Mem/Node : 32768 MB
## Directory : /oscar/home/kguo32/pobax/scripts/launching
##   Job Started : Sun Feb 23 10:58:57 PM EST 2025
###############################################################################
Submitted batch job 8601880
Submitted batch job 8601881
Submitted batch job 8601882
Submitted batch job 8601883
Submitted batch job 8601884
Submitted batch job 8601885
Submitted batch job 8601886
Submitted batch job 8601887
Submitted batch job 8601888
Submitted batch job 8601889
Submitted batch job 8601890
Submitted batch job 8601891
Submitted batch job 8601892
Submitted batch job 8601893
Submitted batch job 8601894
Submitted batch job 8601895
Submitted batch job 8601896
Submitted batch job 8601897
Submitted batch job 8601898
Submitted batch job 8601899
Submitted batch job 8601900
Submitted batch job 8601901
Submitted batch job 8601902
Submitted batch job 8601903
Submitted batch job 8601904
Submitted batch job 8601905
Submitted batch job 8601906
Submitted batch job 8601907
Submitted batch job 8601908
Submitted batch job 8601909
Submitted batch job 8601910
Submitted batch job 8601911
Submitted batch job 8601912
Submitted batch job 8601913
Submitted batch job 8601914
Submitted batch job 8601915
Submitted batch job 8601916
Submitted batch job 8601917
Submitted batch job 8601918
Submitted batch job 8601919
Submitted batch job 8601920
Submitted batch job 8601921
Submitted batch job 8601922
Submitted batch job 8601923
Submitted batch job 8601924
Submitted batch job 8601925
Submitted batch job 8601926
Submitted batch job 8601927
Submitted batch job 8601928
Submitted batch job 8601929
Submitted batch job 8601930
Submitted batch job 8601931
Submitted batch job 8601932
Submitted batch job 8601933
Submitted batch job 8601934
Submitted batch job 8601935
Submitted batch job 8601936
Submitted batch job 8601937
Submitted batch job 8601938
Submitted batch job 8601939
Submitted batch job 8601940
Submitted batch job 8601941
Submitted batch job 8601942
Submitted batch job 8601943
Submitted batch job 8601944
Submitted batch job 8601945
Submitted batch job 8601946
Submitted batch job 8601947
Submitted batch job 8601948
Submitted batch job 8601949
Submitted batch job 8601950
Submitted batch job 8601951
Submitted batch job 8601952
Submitted batch job 8601953
Submitted batch job 8601954
Submitted batch job 8601955
Submitted batch job 8601956
Submitted batch job 8601957
Submitted batch job 8601958
Submitted batch job 8601959
Submitted batch job 8601960
Submitted batch job 8601961
Submitted batch job 8601962
Submitted batch job 8601963
Submitted batch job 8601964
Submitted batch job 8601965
Submitted batch job 8601966
Submitted batch job 8601967
Submitted batch job 8601968
Submitted batch job 8601969
Submitted batch job 8601970
Submitted batch job 8601971
Submitted batch job 8601972
Submitted batch job 8601973
Submitted batch job 8601974
Submitted batch job 8601975
Submitted batch job 8601976
Submitted batch job 8601977
Submitted batch job 8601978
Submitted batch job 8601979
