## SLURM PROLOG ###############################################################
##    Job ID : 8601980
##  Job Name : kevin
##  Nodelist : gpu1401
##      CPUs : 
##  Mem/Node : 32768 MB
## Directory : /oscar/home/kguo32/pobax/scripts/launching
##   Job Started : Sun Feb 23 10:59:06 PM EST 2025
###############################################################################
Submitted batch job 8602000
Submitted batch job 8602001
Submitted batch job 8602002
Submitted batch job 8602003
Submitted batch job 8602004
Submitted batch job 8602005
Submitted batch job 8602006
Submitted batch job 8602007
Submitted batch job 8602008
Submitted batch job 8602009
Submitted batch job 8602010
Submitted batch job 8602011
Submitted batch job 8602012
Submitted batch job 8602013
Submitted batch job 8602014
Submitted batch job 8602015
Submitted batch job 8602016
Submitted batch job 8602017
Submitted batch job 8602018
Submitted batch job 8602019
Submitted batch job 8602020
Submitted batch job 8602021
Submitted batch job 8602022
Submitted batch job 8602023
Submitted batch job 8602024
Submitted batch job 8602025
Submitted batch job 8602026
Submitted batch job 8602027
Submitted batch job 8602028
Submitted batch job 8602029
Submitted batch job 8602030
Submitted batch job 8602031
Submitted batch job 8602032
Submitted batch job 8602033
Submitted batch job 8602034
Submitted batch job 8602035
Submitted batch job 8602036
Submitted batch job 8602037
Submitted batch job 8602038
Submitted batch job 8602039
Submitted batch job 8602040
Submitted batch job 8602041
Submitted batch job 8602042
Submitted batch job 8602043
Submitted batch job 8602044
Submitted batch job 8602045
Submitted batch job 8602046
Submitted batch job 8602047
Submitted batch job 8602048
Submitted batch job 8602049
Submitted batch job 8602050
Submitted batch job 8602051
Submitted batch job 8602052
Submitted batch job 8602053
Submitted batch job 8602054
Submitted batch job 8602055
Submitted batch job 8602056
Submitted batch job 8602057
Submitted batch job 8602058
Submitted batch job 8602059
Submitted batch job 8602060
Submitted batch job 8602061
Submitted batch job 8602062
Submitted batch job 8602063
Submitted batch job 8602064
Submitted batch job 8602065
Submitted batch job 8602066
Submitted batch job 8602067
Submitted batch job 8602068
Submitted batch job 8602069
Submitted batch job 8602070
Submitted batch job 8602071
Submitted batch job 8602072
Submitted batch job 8602073
Submitted batch job 8602074
Submitted batch job 8602075
Submitted batch job 8602076
Submitted batch job 8602077
Submitted batch job 8602078
Submitted batch job 8602079
Submitted batch job 8602080
Submitted batch job 8602081
Submitted batch job 8602082
Submitted batch job 8602083
Submitted batch job 8602084
Submitted batch job 8602085
Submitted batch job 8602086
Submitted batch job 8602087
Submitted batch job 8602088
Submitted batch job 8602089
Submitted batch job 8602090
Submitted batch job 8602091
Submitted batch job 8602092
Submitted batch job 8602093
Submitted batch job 8602094
Submitted batch job 8602095
Submitted batch job 8602096
Submitted batch job 8602097
Submitted batch job 8602098
Submitted batch job 8602099
