## SLURM PROLOG ###############################################################
##    Job ID : 8514475
##  Job Name : kevin
##  Nodelist : gpu2009
##      CPUs : 
##  Mem/Node : 32768 MB
## Directory : /oscar/home/kguo32/pobax/scripts/launching
##   Job Started : Fri Feb 21 08:13:39 PM EST 2025
###############################################################################
Submitted batch job 8514485
Submitted batch job 8514486
Submitted batch job 8514487
Submitted batch job 8514488
Submitted batch job 8514489
Submitted batch job 8514490
Submitted batch job 8514491
Submitted batch job 8514492
Submitted batch job 8514493
Submitted batch job 8514494
Submitted batch job 8514495
Submitted batch job 8514496
Submitted batch job 8514497
Submitted batch job 8514498
Submitted batch job 8514499
Submitted batch job 8514500
Submitted batch job 8514501
Submitted batch job 8514502
Submitted batch job 8514503
Submitted batch job 8514504
Submitted batch job 8514505
Submitted batch job 8514506
Submitted batch job 8514507
Submitted batch job 8514508
Submitted batch job 8514509
Submitted batch job 8514510
Submitted batch job 8514511
Submitted batch job 8514512
Submitted batch job 8514513
Submitted batch job 8514514
Submitted batch job 8514515
Submitted batch job 8514516
Submitted batch job 8514517
Submitted batch job 8514518
Submitted batch job 8514519
Submitted batch job 8514520
Submitted batch job 8514521
Submitted batch job 8514522
Submitted batch job 8514523
Submitted batch job 8514524
Submitted batch job 8514525
Submitted batch job 8514526
Submitted batch job 8514527
Submitted batch job 8514528
Submitted batch job 8514529
Submitted batch job 8514530
Submitted batch job 8514531
Submitted batch job 8514532
Submitted batch job 8514533
Submitted batch job 8514534
Submitted batch job 8514535
Submitted batch job 8514536
Submitted batch job 8514537
Submitted batch job 8514538
Submitted batch job 8514539
Submitted batch job 8514540
Submitted batch job 8514541
Submitted batch job 8514542
Submitted batch job 8514543
Submitted batch job 8514544
Submitted batch job 8514545
Submitted batch job 8514546
Submitted batch job 8514547
Submitted batch job 8514548
Submitted batch job 8514549
Submitted batch job 8514550
Submitted batch job 8514551
Submitted batch job 8514552
Submitted batch job 8514553
Submitted batch job 8514554
Submitted batch job 8514555
Submitted batch job 8514556
Submitted batch job 8514557
Submitted batch job 8514558
Submitted batch job 8514559
Submitted batch job 8514560
Submitted batch job 8514561
Submitted batch job 8514562
Submitted batch job 8514563
Submitted batch job 8514564
Submitted batch job 8514565
Submitted batch job 8514566
Submitted batch job 8514567
Submitted batch job 8514568
Submitted batch job 8514569
Submitted batch job 8514570
Submitted batch job 8514571
Submitted batch job 8514572
Submitted batch job 8514573
Submitted batch job 8514574
Submitted batch job 8514575
Submitted batch job 8514576
Submitted batch job 8514577
Submitted batch job 8514578
Submitted batch job 8514579
Submitted batch job 8514580
Submitted batch job 8514581
Submitted batch job 8514582
Submitted batch job 8514583
Submitted batch job 8514584
