## SLURM PROLOG ###############################################################
##    Job ID : 8525508
##  Job Name : kevin
##  Nodelist : gpu2008
##      CPUs : 
##  Mem/Node : 32768 MB
## Directory : /oscar/home/kguo32/pobax/scripts/launching
##   Job Started : Sat Feb 22 01:17:03 AM EST 2025
###############################################################################
Submitted batch job 8525509
Submitted batch job 8525510
Submitted batch job 8525511
Submitted batch job 8525512
Submitted batch job 8525513
Submitted batch job 8525514
Submitted batch job 8525515
Submitted batch job 8525516
Submitted batch job 8525517
Submitted batch job 8525518
Submitted batch job 8525519
Submitted batch job 8525520
Submitted batch job 8525521
Submitted batch job 8525522
Submitted batch job 8525523
Submitted batch job 8525524
Submitted batch job 8525525
Submitted batch job 8525526
Submitted batch job 8525527
Submitted batch job 8525528
