## SLURM PROLOG ###############################################################
##    Job ID : 8517511
##  Job Name : kevin
##  Nodelist : gpu2009
##      CPUs : 
##  Mem/Node : 32768 MB
## Directory : /oscar/home/kguo32/pobax/scripts/launching
##   Job Started : Fri Feb 21 09:14:10 PM EST 2025
###############################################################################
Submitted batch job 8517512
Submitted batch job 8517513
Submitted batch job 8517514
Submitted batch job 8517515
Submitted batch job 8517516
Submitted batch job 8517517
Submitted batch job 8517518
Submitted batch job 8517519
Submitted batch job 8517520
Submitted batch job 8517521
Submitted batch job 8517522
Submitted batch job 8517523
Submitted batch job 8517524
Submitted batch job 8517525
Submitted batch job 8517526
Submitted batch job 8517527
Submitted batch job 8517528
Submitted batch job 8517529
Submitted batch job 8517530
Submitted batch job 8517531
Submitted batch job 8517532
Submitted batch job 8517533
Submitted batch job 8517534
Submitted batch job 8517535
