## SLURM PROLOG ###############################################################
##    Job ID : 8514280
##  Job Name : kevin
##  Nodelist : gpu2008
##      CPUs : 
##  Mem/Node : 32768 MB
## Directory : /oscar/home/kguo32/pobax/scripts/launching
##   Job Started : Fri Feb 21 08:11:39 PM EST 2025
###############################################################################
Submitted batch job 8514290
Submitted batch job 8514291
Submitted batch job 8514292
Submitted batch job 8514293
Submitted batch job 8514294
Submitted batch job 8514295
Submitted batch job 8514296
Submitted batch job 8514297
Submitted batch job 8514298
Submitted batch job 8514299
Submitted batch job 8514300
Submitted batch job 8514301
Submitted batch job 8514302
Submitted batch job 8514303
Submitted batch job 8514304
Submitted batch job 8514305
Submitted batch job 8514306
Submitted batch job 8514307
Submitted batch job 8514308
Submitted batch job 8514309
