## SLURM PROLOG ###############################################################
##    Job ID : 8516077
##  Job Name : kevin
##  Nodelist : gpu1402
##      CPUs : 
##  Mem/Node : 32768 MB
## Directory : /oscar/home/kguo32/pobax/scripts/launching
##   Job Started : Fri Feb 21 08:47:35 PM EST 2025
###############################################################################
Submitted batch job 8516078
Submitted batch job 8516079
Submitted batch job 8516080
Submitted batch job 8516081
Submitted batch job 8516082
Submitted batch job 8516083
Submitted batch job 8516084
Submitted batch job 8516085
Submitted batch job 8516086
Submitted batch job 8516087
Submitted batch job 8516088
Submitted batch job 8516089
Submitted batch job 8516090
Submitted batch job 8516091
Submitted batch job 8516092
Submitted batch job 8516093
Submitted batch job 8516094
Submitted batch job 8516095
Submitted batch job 8516096
Submitted batch job 8516097
