## SLURM PROLOG ###############################################################
##    Job ID : 8525476
##  Job Name : kevin
##  Nodelist : gpu2008
##      CPUs : 
##  Mem/Node : 32768 MB
## Directory : /oscar/home/kguo32/pobax/scripts/launching
##   Job Started : Sat Feb 22 01:16:44 AM EST 2025
###############################################################################
Submitted batch job 8525477
Submitted batch job 8525478
Submitted batch job 8525479
Submitted batch job 8525480
Submitted batch job 8525481
Submitted batch job 8525482
Submitted batch job 8525483
Submitted batch job 8525484
Submitted batch job 8525485
Submitted batch job 8525486
Submitted batch job 8525487
Submitted batch job 8525488
Submitted batch job 8525489
Submitted batch job 8525490
Submitted batch job 8525491
Submitted batch job 8525492
Submitted batch job 8525493
Submitted batch job 8525494
Submitted batch job 8525495
Submitted batch job 8525496
