## SLURM PROLOG ###############################################################
##    Job ID : 8514585
##  Job Name : kevin
##  Nodelist : gpu2009
##      CPUs : 
##  Mem/Node : 32768 MB
## Directory : /oscar/home/kguo32/pobax/scripts/launching
##   Job Started : Fri Feb 21 08:13:50 PM EST 2025
###############################################################################
Submitted batch job 8514587
Submitted batch job 8514588
Submitted batch job 8514589
Submitted batch job 8514590
Submitted batch job 8514591
Submitted batch job 8514592
Submitted batch job 8514593
Submitted batch job 8514594
Submitted batch job 8514595
Submitted batch job 8514596
Submitted batch job 8514597
Submitted batch job 8514598
Submitted batch job 8514599
Submitted batch job 8514600
Submitted batch job 8514601
Submitted batch job 8514602
Submitted batch job 8514603
Submitted batch job 8514604
Submitted batch job 8514605
Submitted batch job 8514606
Submitted batch job 8514607
Submitted batch job 8514608
Submitted batch job 8514609
Submitted batch job 8514610
Submitted batch job 8514611
Submitted batch job 8514612
Submitted batch job 8514613
Submitted batch job 8514614
Submitted batch job 8514615
Submitted batch job 8514616
Submitted batch job 8514617
Submitted batch job 8514618
Submitted batch job 8514619
Submitted batch job 8514620
Submitted batch job 8514621
Submitted batch job 8514622
Submitted batch job 8514623
Submitted batch job 8514624
Submitted batch job 8514625
Submitted batch job 8514626
Submitted batch job 8514627
Submitted batch job 8514628
Submitted batch job 8514629
Submitted batch job 8514630
Submitted batch job 8514631
Submitted batch job 8514632
Submitted batch job 8514633
Submitted batch job 8514634
Submitted batch job 8514635
Submitted batch job 8514636
Submitted batch job 8514637
Submitted batch job 8514638
Submitted batch job 8514639
Submitted batch job 8514640
Submitted batch job 8514641
Submitted batch job 8514642
Submitted batch job 8514643
Submitted batch job 8514644
Submitted batch job 8514645
Submitted batch job 8514646
Submitted batch job 8514647
Submitted batch job 8514648
Submitted batch job 8514649
Submitted batch job 8514650
Submitted batch job 8514651
Submitted batch job 8514652
Submitted batch job 8514653
Submitted batch job 8514654
Submitted batch job 8514655
Submitted batch job 8514656
Submitted batch job 8514657
Submitted batch job 8514658
Submitted batch job 8514659
Submitted batch job 8514660
Submitted batch job 8514661
Submitted batch job 8514662
Submitted batch job 8514663
Submitted batch job 8514664
Submitted batch job 8514665
Submitted batch job 8514666
Submitted batch job 8514667
Submitted batch job 8514668
Submitted batch job 8514669
Submitted batch job 8514670
Submitted batch job 8514671
Submitted batch job 8514672
Submitted batch job 8514673
Submitted batch job 8514674
Submitted batch job 8514675
Submitted batch job 8514676
Submitted batch job 8514677
Submitted batch job 8514678
Submitted batch job 8514679
Submitted batch job 8514680
Submitted batch job 8514681
Submitted batch job 8514682
Submitted batch job 8514683
Submitted batch job 8514684
Submitted batch job 8514685
Submitted batch job 8514686
