## SLURM PROLOG ###############################################################
##    Job ID : 8514919
##  Job Name : kevin
##  Nodelist : gpu2009
##      CPUs : 
##  Mem/Node : 32768 MB
## Directory : /oscar/home/kguo32/pobax/scripts/launching
##   Job Started : Fri Feb 21 08:14:36 PM EST 2025
###############################################################################
Submitted batch job 8514929
Submitted batch job 8514930
Submitted batch job 8514931
Submitted batch job 8514932
Submitted batch job 8514933
Submitted batch job 8514934
Submitted batch job 8514935
Submitted batch job 8514936
Submitted batch job 8514937
Submitted batch job 8514938
Submitted batch job 8514939
Submitted batch job 8514940
Submitted batch job 8514941
Submitted batch job 8514942
Submitted batch job 8514943
Submitted batch job 8514944
Submitted batch job 8514945
Submitted batch job 8514946
Submitted batch job 8514947
Submitted batch job 8514948
Submitted batch job 8514949
Submitted batch job 8514951
Submitted batch job 8514952
Submitted batch job 8514953
Submitted batch job 8514954
Submitted batch job 8514955
Submitted batch job 8514956
Submitted batch job 8514957
Submitted batch job 8514958
Submitted batch job 8514959
Submitted batch job 8514960
Submitted batch job 8514961
Submitted batch job 8514962
Submitted batch job 8514963
Submitted batch job 8514964
Submitted batch job 8514965
Submitted batch job 8514966
Submitted batch job 8514967
Submitted batch job 8514968
Submitted batch job 8514969
Submitted batch job 8514970
Submitted batch job 8514971
Submitted batch job 8514972
Submitted batch job 8514973
Submitted batch job 8514974
Submitted batch job 8514975
Submitted batch job 8514976
Submitted batch job 8514977
Submitted batch job 8514978
Submitted batch job 8514979
Submitted batch job 8514980
Submitted batch job 8514981
Submitted batch job 8514982
Submitted batch job 8514983
Submitted batch job 8514984
Submitted batch job 8514985
Submitted batch job 8514986
Submitted batch job 8514987
Submitted batch job 8514988
Submitted batch job 8514989
Submitted batch job 8514990
Submitted batch job 8514991
Submitted batch job 8514992
Submitted batch job 8514993
Submitted batch job 8514994
Submitted batch job 8514995
Submitted batch job 8514996
Submitted batch job 8514997
Submitted batch job 8514998
Submitted batch job 8514999
Submitted batch job 8515000
Submitted batch job 8515001
Submitted batch job 8515002
Submitted batch job 8515003
Submitted batch job 8515004
Submitted batch job 8515005
Submitted batch job 8515006
Submitted batch job 8515007
Submitted batch job 8515008
Submitted batch job 8515009
Submitted batch job 8515010
Submitted batch job 8515011
Submitted batch job 8515012
Submitted batch job 8515013
Submitted batch job 8515014
Submitted batch job 8515015
Submitted batch job 8515016
Submitted batch job 8515017
Submitted batch job 8515018
Submitted batch job 8515019
Submitted batch job 8515020
Submitted batch job 8515021
Submitted batch job 8515022
Submitted batch job 8515023
Submitted batch job 8515024
Submitted batch job 8515025
Submitted batch job 8515026
Submitted batch job 8515027
Submitted batch job 8515028
Submitted batch job 8515029
Submitted batch job 8515030
Submitted batch job 8515031
Submitted batch job 8515032
Submitted batch job 8515033
Submitted batch job 8515034
Submitted batch job 8515035
Submitted batch job 8515036
Submitted batch job 8515037
Submitted batch job 8515038
Submitted batch job 8515039
Submitted batch job 8515040
Submitted batch job 8515041
Submitted batch job 8515042
Submitted batch job 8515043
Submitted batch job 8515044
Submitted batch job 8515045
Submitted batch job 8515046
Submitted batch job 8515047
Submitted batch job 8515048
Submitted batch job 8515049
