## SLURM PROLOG ###############################################################
##    Job ID : 8516916
##  Job Name : kevin
##  Nodelist : gpu2009
##      CPUs : 
##  Mem/Node : 32768 MB
## Directory : /oscar/home/kguo32/pobax/scripts/launching
##   Job Started : Fri Feb 21 09:04:21 PM EST 2025
###############################################################################
Submitted batch job 8516917
Submitted batch job 8516918
Submitted batch job 8516919
Submitted batch job 8516920
Submitted batch job 8516921
Submitted batch job 8516922
Submitted batch job 8516923
Submitted batch job 8516924
Submitted batch job 8516925
Submitted batch job 8516926
Submitted batch job 8516927
Submitted batch job 8516928
Submitted batch job 8516929
Submitted batch job 8516930
Submitted batch job 8516931
Submitted batch job 8516932
Submitted batch job 8516933
Submitted batch job 8516934
Submitted batch job 8516935
Submitted batch job 8516936
