## SLURM PROLOG ###############################################################
##    Job ID : 8601658
##  Job Name : kevin
##  Nodelist : gpu1401
##      CPUs : 
##  Mem/Node : 32768 MB
## Directory : /oscar/home/kguo32/pobax/scripts/launching
##   Job Started : Sun Feb 23 10:58:37 PM EST 2025
###############################################################################
Submitted batch job 8601659
Submitted batch job 8601660
Submitted batch job 8601661
Submitted batch job 8601662
Submitted batch job 8601663
Submitted batch job 8601664
Submitted batch job 8601665
Submitted batch job 8601666
Submitted batch job 8601667
Submitted batch job 8601668
Submitted batch job 8601669
Submitted batch job 8601670
Submitted batch job 8601671
Submitted batch job 8601672
Submitted batch job 8601673
Submitted batch job 8601674
Submitted batch job 8601675
Submitted batch job 8601676
Submitted batch job 8601677
Submitted batch job 8601678
Submitted batch job 8601679
Submitted batch job 8601680
Submitted batch job 8601681
Submitted batch job 8601682
Submitted batch job 8601683
Submitted batch job 8601684
Submitted batch job 8601685
Submitted batch job 8601686
Submitted batch job 8601687
Submitted batch job 8601688
Submitted batch job 8601689
Submitted batch job 8601690
Submitted batch job 8601691
Submitted batch job 8601692
Submitted batch job 8601693
Submitted batch job 8601694
Submitted batch job 8601695
Submitted batch job 8601696
Submitted batch job 8601697
Submitted batch job 8601698
Submitted batch job 8601699
Submitted batch job 8601700
Submitted batch job 8601701
Submitted batch job 8601702
Submitted batch job 8601703
Submitted batch job 8601704
Submitted batch job 8601705
Submitted batch job 8601706
Submitted batch job 8601707
Submitted batch job 8601708
Submitted batch job 8601709
Submitted batch job 8601710
Submitted batch job 8601711
Submitted batch job 8601712
Submitted batch job 8601713
Submitted batch job 8601714
Submitted batch job 8601715
Submitted batch job 8601716
Submitted batch job 8601717
Submitted batch job 8601718
Submitted batch job 8601719
Submitted batch job 8601720
Submitted batch job 8601721
Submitted batch job 8601722
Submitted batch job 8601723
Submitted batch job 8601724
Submitted batch job 8601725
Submitted batch job 8601726
Submitted batch job 8601727
Submitted batch job 8601728
Submitted batch job 8601729
Submitted batch job 8601730
Submitted batch job 8601731
Submitted batch job 8601732
Submitted batch job 8601733
Submitted batch job 8601734
Submitted batch job 8601735
Submitted batch job 8601736
Submitted batch job 8601737
Submitted batch job 8601738
Submitted batch job 8601739
Submitted batch job 8601740
Submitted batch job 8601741
Submitted batch job 8601742
Submitted batch job 8601743
Submitted batch job 8601744
Submitted batch job 8601745
Submitted batch job 8601746
Submitted batch job 8601747
Submitted batch job 8601748
Submitted batch job 8601749
Submitted batch job 8601750
Submitted batch job 8601751
Submitted batch job 8601752
Submitted batch job 8601753
Submitted batch job 8601754
Submitted batch job 8601755
Submitted batch job 8601756
Submitted batch job 8601757
Submitted batch job 8601758
