## SLURM PROLOG ###############################################################
##    Job ID : 8514808
##  Job Name : kevin
##  Nodelist : gpu2009
##      CPUs : 
##  Mem/Node : 32768 MB
## Directory : /oscar/home/kguo32/pobax/scripts/launching
##   Job Started : Fri Feb 21 08:14:25 PM EST 2025
###############################################################################
Submitted batch job 8514809
Submitted batch job 8514810
Submitted batch job 8514811
Submitted batch job 8514812
Submitted batch job 8514813
Submitted batch job 8514814
Submitted batch job 8514815
Submitted batch job 8514816
Submitted batch job 8514817
Submitted batch job 8514818
Submitted batch job 8514819
Submitted batch job 8514820
Submitted batch job 8514821
Submitted batch job 8514822
Submitted batch job 8514823
Submitted batch job 8514824
Submitted batch job 8514825
Submitted batch job 8514826
Submitted batch job 8514827
Submitted batch job 8514828
Submitted batch job 8514829
Submitted batch job 8514830
Submitted batch job 8514831
Submitted batch job 8514832
Submitted batch job 8514833
Submitted batch job 8514834
Submitted batch job 8514835
Submitted batch job 8514836
Submitted batch job 8514837
Submitted batch job 8514838
Submitted batch job 8514839
Submitted batch job 8514840
Submitted batch job 8514841
Submitted batch job 8514842
Submitted batch job 8514843
Submitted batch job 8514844
Submitted batch job 8514845
Submitted batch job 8514846
Submitted batch job 8514847
Submitted batch job 8514848
Submitted batch job 8514849
Submitted batch job 8514850
Submitted batch job 8514851
Submitted batch job 8514852
Submitted batch job 8514853
Submitted batch job 8514854
Submitted batch job 8514855
Submitted batch job 8514856
Submitted batch job 8514857
Submitted batch job 8514858
Submitted batch job 8514859
Submitted batch job 8514860
Submitted batch job 8514861
Submitted batch job 8514862
Submitted batch job 8514863
Submitted batch job 8514864
Submitted batch job 8514865
Submitted batch job 8514866
Submitted batch job 8514867
Submitted batch job 8514868
Submitted batch job 8514869
Submitted batch job 8514870
Submitted batch job 8514871
Submitted batch job 8514872
Submitted batch job 8514873
Submitted batch job 8514874
Submitted batch job 8514875
Submitted batch job 8514876
Submitted batch job 8514877
Submitted batch job 8514878
Submitted batch job 8514879
Submitted batch job 8514880
Submitted batch job 8514881
Submitted batch job 8514882
Submitted batch job 8514883
Submitted batch job 8514884
Submitted batch job 8514885
Submitted batch job 8514886
Submitted batch job 8514887
Submitted batch job 8514888
Submitted batch job 8514889
Submitted batch job 8514890
Submitted batch job 8514891
Submitted batch job 8514892
Submitted batch job 8514893
Submitted batch job 8514894
Submitted batch job 8514895
Submitted batch job 8514896
Submitted batch job 8514897
Submitted batch job 8514898
Submitted batch job 8514899
Submitted batch job 8514900
Submitted batch job 8514901
Submitted batch job 8514902
Submitted batch job 8514903
Submitted batch job 8514904
Submitted batch job 8514905
Submitted batch job 8514906
Submitted batch job 8514907
Submitted batch job 8514908
